[07-Feb-2017 03:53:00 Europe/Istanbul] PHP Notice:  Undefined offset: 0 in /home/ahsaphobby.net/httpdocs/bus/ajax/coklu_filo_plan.php on line 26
[07-Feb-2017 03:53:00 Europe/Istanbul] PHP Notice:  Undefined index: uzunluk in /home/ahsaphobby.net/httpdocs/bus/common/class/Hat.php on line 107
[07-Feb-2017 03:53:00 Europe/Istanbul] PHP Notice:  Undefined offset: 0 in /home/ahsaphobby.net/httpdocs/bus/ajax/coklu_filo_plan.php on line 26
[07-Feb-2017 03:53:00 Europe/Istanbul] PHP Notice:  Undefined index: uzunluk in /home/ahsaphobby.net/httpdocs/bus/common/class/Hat.php on line 107
[07-Feb-2017 03:53:00 Europe/Istanbul] PHP Notice:  Undefined offset: 0 in /home/ahsaphobby.net/httpdocs/bus/ajax/coklu_filo_plan.php on line 26
[07-Feb-2017 03:53:00 Europe/Istanbul] PHP Notice:  Undefined index: uzunluk in /home/ahsaphobby.net/httpdocs/bus/common/class/Hat.php on line 107
[07-Feb-2017 03:53:00 Europe/Istanbul] PHP Notice:  Undefined offset: 0 in /home/ahsaphobby.net/httpdocs/bus/ajax/coklu_filo_plan.php on line 26
[07-Feb-2017 03:53:00 Europe/Istanbul] PHP Notice:  Undefined index: uzunluk in /home/ahsaphobby.net/httpdocs/bus/common/class/Hat.php on line 107
[07-Feb-2017 03:53:00 Europe/Istanbul] PHP Notice:  Undefined offset: 0 in /home/ahsaphobby.net/httpdocs/bus/ajax/coklu_filo_plan.php on line 26
[07-Feb-2017 03:53:00 Europe/Istanbul] PHP Notice:  Undefined index: uzunluk in /home/ahsaphobby.net/httpdocs/bus/common/class/Hat.php on line 107
[07-Feb-2017 03:53:00 Europe/Istanbul] PHP Notice:  Undefined offset: 0 in /home/ahsaphobby.net/httpdocs/bus/ajax/coklu_filo_plan.php on line 26
[07-Feb-2017 03:53:00 Europe/Istanbul] PHP Notice:  Undefined index: uzunluk in /home/ahsaphobby.net/httpdocs/bus/common/class/Hat.php on line 107
[07-Feb-2017 03:53:00 Europe/Istanbul] PHP Notice:  Undefined offset: 0 in /home/ahsaphobby.net/httpdocs/bus/ajax/coklu_filo_plan.php on line 26
[07-Feb-2017 03:53:00 Europe/Istanbul] PHP Notice:  Undefined index: uzunluk in /home/ahsaphobby.net/httpdocs/bus/common/class/Hat.php on line 107
[07-Feb-2017 03:53:00 Europe/Istanbul] PHP Notice:  Undefined offset: 0 in /home/ahsaphobby.net/httpdocs/bus/ajax/coklu_filo_plan.php on line 26
[07-Feb-2017 03:53:00 Europe/Istanbul] PHP Notice:  Undefined index: uzunluk in /home/ahsaphobby.net/httpdocs/bus/common/class/Hat.php on line 107
[07-Feb-2017 03:53:00 Europe/Istanbul] PHP Notice:  Undefined offset: 0 in /home/ahsaphobby.net/httpdocs/bus/ajax/coklu_filo_plan.php on line 26
[07-Feb-2017 03:53:00 Europe/Istanbul] PHP Notice:  Undefined index: uzunluk in /home/ahsaphobby.net/httpdocs/bus/common/class/Hat.php on line 107
[07-Feb-2017 03:53:00 Europe/Istanbul] PHP Notice:  Undefined offset: 0 in /home/ahsaphobby.net/httpdocs/bus/ajax/coklu_filo_plan.php on line 26
[07-Feb-2017 03:53:00 Europe/Istanbul] PHP Notice:  Undefined index: uzunluk in /home/ahsaphobby.net/httpdocs/bus/common/class/Hat.php on line 107
[07-Feb-2017 03:53:00 Europe/Istanbul] PHP Notice:  Undefined offset: 0 in /home/ahsaphobby.net/httpdocs/bus/ajax/coklu_filo_plan.php on line 26
[07-Feb-2017 03:53:00 Europe/Istanbul] PHP Notice:  Undefined index: uzunluk in /home/ahsaphobby.net/httpdocs/bus/common/class/Hat.php on line 107
[07-Feb-2017 03:53:00 Europe/Istanbul] PHP Notice:  Undefined offset: 0 in /home/ahsaphobby.net/httpdocs/bus/ajax/coklu_filo_plan.php on line 26
[07-Feb-2017 03:53:00 Europe/Istanbul] PHP Notice:  Undefined index: uzunluk in /home/ahsaphobby.net/httpdocs/bus/common/class/Hat.php on line 107
[07-Feb-2017 03:53:01 Europe/Istanbul] PHP Notice:  Undefined offset: 0 in /home/ahsaphobby.net/httpdocs/bus/ajax/coklu_filo_plan.php on line 26
[07-Feb-2017 03:53:01 Europe/Istanbul] PHP Notice:  Undefined index: uzunluk in /home/ahsaphobby.net/httpdocs/bus/common/class/Hat.php on line 107
[07-Feb-2017 03:53:01 Europe/Istanbul] PHP Notice:  Undefined offset: 0 in /home/ahsaphobby.net/httpdocs/bus/ajax/coklu_filo_plan.php on line 26
[07-Feb-2017 03:53:01 Europe/Istanbul] PHP Notice:  Undefined index: uzunluk in /home/ahsaphobby.net/httpdocs/bus/common/class/Hat.php on line 107
[07-Feb-2017 03:53:01 Europe/Istanbul] PHP Notice:  Undefined offset: 0 in /home/ahsaphobby.net/httpdocs/bus/ajax/coklu_filo_plan.php on line 26
[07-Feb-2017 03:53:01 Europe/Istanbul] PHP Notice:  Undefined index: uzunluk in /home/ahsaphobby.net/httpdocs/bus/common/class/Hat.php on line 107
[07-Feb-2017 03:53:01 Europe/Istanbul] PHP Notice:  Undefined offset: 0 in /home/ahsaphobby.net/httpdocs/bus/ajax/coklu_filo_plan.php on line 26
[07-Feb-2017 03:53:01 Europe/Istanbul] PHP Notice:  Undefined index: uzunluk in /home/ahsaphobby.net/httpdocs/bus/common/class/Hat.php on line 107
[07-Feb-2017 03:53:01 Europe/Istanbul] PHP Notice:  Undefined offset: 0 in /home/ahsaphobby.net/httpdocs/bus/ajax/coklu_filo_plan.php on line 26
[07-Feb-2017 03:53:01 Europe/Istanbul] PHP Notice:  Undefined index: uzunluk in /home/ahsaphobby.net/httpdocs/bus/common/class/Hat.php on line 107
[07-Feb-2017 03:53:01 Europe/Istanbul] PHP Notice:  Undefined offset: 0 in /home/ahsaphobby.net/httpdocs/bus/ajax/coklu_filo_plan.php on line 26
[07-Feb-2017 03:53:01 Europe/Istanbul] PHP Notice:  Undefined index: uzunluk in /home/ahsaphobby.net/httpdocs/bus/common/class/Hat.php on line 107
[07-Feb-2017 03:53:01 Europe/Istanbul] PHP Notice:  Undefined offset: 0 in /home/ahsaphobby.net/httpdocs/bus/ajax/coklu_filo_plan.php on line 26
[07-Feb-2017 03:53:01 Europe/Istanbul] PHP Notice:  Undefined index: uzunluk in /home/ahsaphobby.net/httpdocs/bus/common/class/Hat.php on line 107
[07-Feb-2017 03:53:01 Europe/Istanbul] PHP Notice:  Undefined offset: 0 in /home/ahsaphobby.net/httpdocs/bus/ajax/coklu_filo_plan.php on line 26
[07-Feb-2017 03:53:01 Europe/Istanbul] PHP Notice:  Undefined index: uzunluk in /home/ahsaphobby.net/httpdocs/bus/common/class/Hat.php on line 107
[07-Feb-2017 03:53:01 Europe/Istanbul] PHP Notice:  Undefined offset: 0 in /home/ahsaphobby.net/httpdocs/bus/ajax/coklu_filo_plan.php on line 26
[07-Feb-2017 03:53:01 Europe/Istanbul] PHP Notice:  Undefined index: uzunluk in /home/ahsaphobby.net/httpdocs/bus/common/class/Hat.php on line 107
[07-Feb-2017 03:53:01 Europe/Istanbul] PHP Notice:  Undefined offset: 0 in /home/ahsaphobby.net/httpdocs/bus/ajax/coklu_filo_plan.php on line 26
[07-Feb-2017 03:53:01 Europe/Istanbul] PHP Notice:  Undefined index: uzunluk in /home/ahsaphobby.net/httpdocs/bus/common/class/Hat.php on line 107
[07-Feb-2017 03:53:01 Europe/Istanbul] PHP Notice:  Undefined offset: 0 in /home/ahsaphobby.net/httpdocs/bus/ajax/coklu_filo_plan.php on line 26
[07-Feb-2017 03:53:01 Europe/Istanbul] PHP Notice:  Undefined index: uzunluk in /home/ahsaphobby.net/httpdocs/bus/common/class/Hat.php on line 107
[07-Feb-2017 03:53:01 Europe/Istanbul] PHP Notice:  Undefined offset: 0 in /home/ahsaphobby.net/httpdocs/bus/ajax/coklu_filo_plan.php on line 26
[07-Feb-2017 03:53:01 Europe/Istanbul] PHP Notice:  Undefined index: uzunluk in /home/ahsaphobby.net/httpdocs/bus/common/class/Hat.php on line 107
[07-Feb-2017 03:53:01 Europe/Istanbul] PHP Notice:  Undefined offset: 0 in /home/ahsaphobby.net/httpdocs/bus/ajax/coklu_filo_plan.php on line 26
[07-Feb-2017 03:53:01 Europe/Istanbul] PHP Notice:  Undefined index: uzunluk in /home/ahsaphobby.net/httpdocs/bus/common/class/Hat.php on line 107
[07-Feb-2017 03:53:01 Europe/Istanbul] PHP Notice:  Undefined offset: 0 in /home/ahsaphobby.net/httpdocs/bus/ajax/coklu_filo_plan.php on line 26
[07-Feb-2017 03:53:01 Europe/Istanbul] PHP Notice:  Undefined index: uzunluk in /home/ahsaphobby.net/httpdocs/bus/common/class/Hat.php on line 107
[07-Feb-2017 03:53:01 Europe/Istanbul] PHP Notice:  Undefined offset: 0 in /home/ahsaphobby.net/httpdocs/bus/ajax/coklu_filo_plan.php on line 26
[07-Feb-2017 03:53:01 Europe/Istanbul] PHP Notice:  Undefined index: uzunluk in /home/ahsaphobby.net/httpdocs/bus/common/class/Hat.php on line 107
[07-Feb-2017 03:53:01 Europe/Istanbul] PHP Notice:  Undefined offset: 0 in /home/ahsaphobby.net/httpdocs/bus/ajax/coklu_filo_plan.php on line 26
[07-Feb-2017 03:53:01 Europe/Istanbul] PHP Notice:  Undefined index: uzunluk in /home/ahsaphobby.net/httpdocs/bus/common/class/Hat.php on line 107
[07-Feb-2017 03:53:01 Europe/Istanbul] PHP Notice:  Undefined offset: 0 in /home/ahsaphobby.net/httpdocs/bus/ajax/coklu_filo_plan.php on line 26
[07-Feb-2017 03:53:01 Europe/Istanbul] PHP Notice:  Undefined index: uzunluk in /home/ahsaphobby.net/httpdocs/bus/common/class/Hat.php on line 107
[07-Feb-2017 03:53:02 Europe/Istanbul] PHP Notice:  Undefined offset: 0 in /home/ahsaphobby.net/httpdocs/bus/ajax/coklu_filo_plan.php on line 26
[07-Feb-2017 03:53:02 Europe/Istanbul] PHP Notice:  Undefined index: uzunluk in /home/ahsaphobby.net/httpdocs/bus/common/class/Hat.php on line 107
[07-Feb-2017 03:53:02 Europe/Istanbul] PHP Notice:  Undefined offset: 0 in /home/ahsaphobby.net/httpdocs/bus/ajax/coklu_filo_plan.php on line 26
[07-Feb-2017 03:53:02 Europe/Istanbul] PHP Notice:  Undefined index: uzunluk in /home/ahsaphobby.net/httpdocs/bus/common/class/Hat.php on line 107
[07-Feb-2017 03:53:02 Europe/Istanbul] PHP Notice:  Undefined offset: 0 in /home/ahsaphobby.net/httpdocs/bus/ajax/coklu_filo_plan.php on line 26
[07-Feb-2017 03:53:02 Europe/Istanbul] PHP Notice:  Undefined index: uzunluk in /home/ahsaphobby.net/httpdocs/bus/common/class/Hat.php on line 107
[07-Feb-2017 03:53:02 Europe/Istanbul] PHP Notice:  Undefined offset: 0 in /home/ahsaphobby.net/httpdocs/bus/ajax/coklu_filo_plan.php on line 26
[07-Feb-2017 03:53:02 Europe/Istanbul] PHP Notice:  Undefined index: uzunluk in /home/ahsaphobby.net/httpdocs/bus/common/class/Hat.php on line 107
[07-Feb-2017 03:53:03 Europe/Istanbul] PHP Notice:  Undefined offset: 0 in /home/ahsaphobby.net/httpdocs/bus/ajax/coklu_filo_plan.php on line 26
[07-Feb-2017 03:53:03 Europe/Istanbul] PHP Notice:  Undefined index: uzunluk in /home/ahsaphobby.net/httpdocs/bus/common/class/Hat.php on line 107
[07-Feb-2017 03:53:03 Europe/Istanbul] PHP Notice:  Undefined offset: 0 in /home/ahsaphobby.net/httpdocs/bus/ajax/coklu_filo_plan.php on line 26
[07-Feb-2017 03:53:03 Europe/Istanbul] PHP Notice:  Undefined index: uzunluk in /home/ahsaphobby.net/httpdocs/bus/common/class/Hat.php on line 107
[07-Feb-2017 03:53:03 Europe/Istanbul] PHP Notice:  Undefined offset: 0 in /home/ahsaphobby.net/httpdocs/bus/ajax/coklu_filo_plan.php on line 26
[07-Feb-2017 03:53:03 Europe/Istanbul] PHP Notice:  Undefined index: uzunluk in /home/ahsaphobby.net/httpdocs/bus/common/class/Hat.php on line 107
[07-Feb-2017 03:53:03 Europe/Istanbul] PHP Notice:  Undefined offset: 0 in /home/ahsaphobby.net/httpdocs/bus/ajax/coklu_filo_plan.php on line 26
[07-Feb-2017 03:53:03 Europe/Istanbul] PHP Notice:  Undefined index: uzunluk in /home/ahsaphobby.net/httpdocs/bus/common/class/Hat.php on line 107
[07-Feb-2017 03:53:04 Europe/Istanbul] PHP Notice:  Undefined offset: 0 in /home/ahsaphobby.net/httpdocs/bus/ajax/coklu_filo_plan.php on line 26
[07-Feb-2017 03:53:04 Europe/Istanbul] PHP Notice:  Undefined index: uzunluk in /home/ahsaphobby.net/httpdocs/bus/common/class/Hat.php on line 107
[07-Feb-2017 03:53:04 Europe/Istanbul] PHP Notice:  Undefined offset: 0 in /home/ahsaphobby.net/httpdocs/bus/ajax/coklu_filo_plan.php on line 26
[07-Feb-2017 03:53:04 Europe/Istanbul] PHP Notice:  Undefined index: uzunluk in /home/ahsaphobby.net/httpdocs/bus/common/class/Hat.php on line 107
[07-Feb-2017 03:53:04 Europe/Istanbul] PHP Notice:  Undefined offset: 0 in /home/ahsaphobby.net/httpdocs/bus/ajax/coklu_filo_plan.php on line 26
[07-Feb-2017 03:53:04 Europe/Istanbul] PHP Notice:  Undefined index: uzunluk in /home/ahsaphobby.net/httpdocs/bus/common/class/Hat.php on line 107
[07-Feb-2017 03:53:04 Europe/Istanbul] PHP Notice:  Undefined offset: 0 in /home/ahsaphobby.net/httpdocs/bus/ajax/coklu_filo_plan.php on line 26
[07-Feb-2017 03:53:04 Europe/Istanbul] PHP Notice:  Undefined index: uzunluk in /home/ahsaphobby.net/httpdocs/bus/common/class/Hat.php on line 107
[07-Feb-2017 03:53:04 Europe/Istanbul] PHP Notice:  Undefined offset: 0 in /home/ahsaphobby.net/httpdocs/bus/ajax/coklu_filo_plan.php on line 26
[07-Feb-2017 03:53:04 Europe/Istanbul] PHP Notice:  Undefined index: uzunluk in /home/ahsaphobby.net/httpdocs/bus/common/class/Hat.php on line 107
[07-Feb-2017 03:53:04 Europe/Istanbul] PHP Notice:  Undefined offset: 0 in /home/ahsaphobby.net/httpdocs/bus/ajax/coklu_filo_plan.php on line 26
[07-Feb-2017 03:53:04 Europe/Istanbul] PHP Notice:  Undefined index: uzunluk in /home/ahsaphobby.net/httpdocs/bus/common/class/Hat.php on line 107
[07-Feb-2017 03:53:04 Europe/Istanbul] PHP Notice:  Undefined offset: 0 in /home/ahsaphobby.net/httpdocs/bus/ajax/coklu_filo_plan.php on line 26
[07-Feb-2017 03:53:04 Europe/Istanbul] PHP Notice:  Undefined index: uzunluk in /home/ahsaphobby.net/httpdocs/bus/common/class/Hat.php on line 107
[07-Feb-2017 03:53:04 Europe/Istanbul] PHP Notice:  Undefined offset: 0 in /home/ahsaphobby.net/httpdocs/bus/ajax/coklu_filo_plan.php on line 26
[07-Feb-2017 03:53:04 Europe/Istanbul] PHP Notice:  Undefined index: uzunluk in /home/ahsaphobby.net/httpdocs/bus/common/class/Hat.php on line 107
[07-Feb-2017 03:53:04 Europe/Istanbul] PHP Notice:  Undefined offset: 0 in /home/ahsaphobby.net/httpdocs/bus/ajax/coklu_filo_plan.php on line 26
[07-Feb-2017 03:53:04 Europe/Istanbul] PHP Notice:  Undefined index: uzunluk in /home/ahsaphobby.net/httpdocs/bus/common/class/Hat.php on line 107
[07-Feb-2017 03:53:04 Europe/Istanbul] PHP Notice:  Undefined offset: 0 in /home/ahsaphobby.net/httpdocs/bus/ajax/coklu_filo_plan.php on line 26
[07-Feb-2017 03:53:04 Europe/Istanbul] PHP Notice:  Undefined index: uzunluk in /home/ahsaphobby.net/httpdocs/bus/common/class/Hat.php on line 107
[07-Feb-2017 03:53:04 Europe/Istanbul] PHP Notice:  Undefined offset: 0 in /home/ahsaphobby.net/httpdocs/bus/ajax/coklu_filo_plan.php on line 26
[07-Feb-2017 03:53:04 Europe/Istanbul] PHP Notice:  Undefined index: uzunluk in /home/ahsaphobby.net/httpdocs/bus/common/class/Hat.php on line 107
[07-Feb-2017 03:53:04 Europe/Istanbul] PHP Notice:  Undefined offset: 0 in /home/ahsaphobby.net/httpdocs/bus/ajax/coklu_filo_plan.php on line 26
[07-Feb-2017 03:53:04 Europe/Istanbul] PHP Notice:  Undefined index: uzunluk in /home/ahsaphobby.net/httpdocs/bus/common/class/Hat.php on line 107
[07-Feb-2017 03:53:04 Europe/Istanbul] PHP Notice:  Undefined offset: 0 in /home/ahsaphobby.net/httpdocs/bus/ajax/coklu_filo_plan.php on line 26
[07-Feb-2017 03:53:04 Europe/Istanbul] PHP Notice:  Undefined index: uzunluk in /home/ahsaphobby.net/httpdocs/bus/common/class/Hat.php on line 107
[14-Feb-2017 18:45:24 Europe/Istanbul] PHP Notice:  Undefined index: isim in /home/ahsaphobby.net/httpdocs/bus/inc/header.php on line 146
[14-Feb-2017 18:45:24 Europe/Istanbul] PHP Notice:  Undefined offset: 0 in /home/ahsaphobby.net/httpdocs/bus/inc/header.php on line 149
[14-Feb-2017 18:45:24 Europe/Istanbul] PHP Notice:  Undefined index: isim in /home/ahsaphobby.net/httpdocs/bus/inc/header.php on line 151
[14-Feb-2017 18:45:24 Europe/Istanbul] PHP Notice:  Undefined index: telefon in /home/ahsaphobby.net/httpdocs/bus/inc/header.php on line 151
[14-Feb-2017 18:45:24 Europe/Istanbul] PHP Notice:  Undefined index: isim in /home/ahsaphobby.net/httpdocs/bus/inc/header.php on line 146
[14-Feb-2017 18:45:24 Europe/Istanbul] PHP Notice:  Undefined offset: 0 in /home/ahsaphobby.net/httpdocs/bus/inc/header.php on line 149
[14-Feb-2017 18:45:24 Europe/Istanbul] PHP Notice:  Undefined index: isim in /home/ahsaphobby.net/httpdocs/bus/inc/header.php on line 151
[14-Feb-2017 18:45:24 Europe/Istanbul] PHP Notice:  Undefined index: telefon in /home/ahsaphobby.net/httpdocs/bus/inc/header.php on line 151
[14-Feb-2017 18:45:24 Europe/Istanbul] PHP Notice:  Undefined index: isim in /home/ahsaphobby.net/httpdocs/bus/inc/header.php on line 146
[14-Feb-2017 18:45:24 Europe/Istanbul] PHP Notice:  Undefined offset: 0 in /home/ahsaphobby.net/httpdocs/bus/inc/header.php on line 149
[14-Feb-2017 18:45:24 Europe/Istanbul] PHP Notice:  Undefined index: isim in /home/ahsaphobby.net/httpdocs/bus/inc/header.php on line 151
[14-Feb-2017 18:45:24 Europe/Istanbul] PHP Notice:  Undefined index: telefon in /home/ahsaphobby.net/httpdocs/bus/inc/header.php on line 151
[14-Feb-2017 18:45:24 Europe/Istanbul] PHP Notice:  Undefined index: isim in /home/ahsaphobby.net/httpdocs/bus/inc/header.php on line 146
[14-Feb-2017 18:45:24 Europe/Istanbul] PHP Notice:  Undefined offset: 0 in /home/ahsaphobby.net/httpdocs/bus/inc/header.php on line 149
[14-Feb-2017 18:45:24 Europe/Istanbul] PHP Notice:  Undefined index: isim in /home/ahsaphobby.net/httpdocs/bus/inc/header.php on line 151
[14-Feb-2017 18:45:24 Europe/Istanbul] PHP Notice:  Undefined index: telefon in /home/ahsaphobby.net/httpdocs/bus/inc/header.php on line 151
[14-Feb-2017 18:45:24 Europe/Istanbul] PHP Notice:  Undefined index: isim in /home/ahsaphobby.net/httpdocs/bus/inc/header.php on line 146
[14-Feb-2017 18:45:24 Europe/Istanbul] PHP Notice:  Undefined offset: 0 in /home/ahsaphobby.net/httpdocs/bus/inc/header.php on line 149
[14-Feb-2017 18:45:24 Europe/Istanbul] PHP Notice:  Undefined index: isim in /home/ahsaphobby.net/httpdocs/bus/inc/header.php on line 151
[14-Feb-2017 18:45:24 Europe/Istanbul] PHP Notice:  Undefined index: telefon in /home/ahsaphobby.net/httpdocs/bus/inc/header.php on line 151
[14-Feb-2017 18:45:24 Europe/Istanbul] PHP Notice:  Undefined index: isim in /home/ahsaphobby.net/httpdocs/bus/inc/header.php on line 146
[14-Feb-2017 18:45:24 Europe/Istanbul] PHP Notice:  Undefined offset: 0 in /home/ahsaphobby.net/httpdocs/bus/inc/header.php on line 149
[14-Feb-2017 18:45:24 Europe/Istanbul] PHP Notice:  Undefined index: isim in /home/ahsaphobby.net/httpdocs/bus/inc/header.php on line 151
[14-Feb-2017 18:45:24 Europe/Istanbul] PHP Notice:  Undefined index: telefon in /home/ahsaphobby.net/httpdocs/bus/inc/header.php on line 151
[14-Feb-2017 18:45:24 Europe/Istanbul] PHP Notice:  Undefined index: isim in /home/ahsaphobby.net/httpdocs/bus/inc/header.php on line 146
[14-Feb-2017 18:45:24 Europe/Istanbul] PHP Notice:  Undefined offset: 0 in /home/ahsaphobby.net/httpdocs/bus/inc/header.php on line 149
[14-Feb-2017 18:45:24 Europe/Istanbul] PHP Notice:  Undefined index: isim in /home/ahsaphobby.net/httpdocs/bus/inc/header.php on line 151
[14-Feb-2017 18:45:24 Europe/Istanbul] PHP Notice:  Undefined index: telefon in /home/ahsaphobby.net/httpdocs/bus/inc/header.php on line 151
[14-Feb-2017 18:45:24 Europe/Istanbul] PHP Notice:  Undefined index: isim in /home/ahsaphobby.net/httpdocs/bus/inc/header.php on line 146
[14-Feb-2017 18:45:24 Europe/Istanbul] PHP Notice:  Undefined offset: 0 in /home/ahsaphobby.net/httpdocs/bus/inc/header.php on line 149
[17-Feb-2017 16:18:34 Europe/Istanbul] PHP Warning:  Invalid argument supplied for foreach() in /home/ahsaphobby.net/httpdocs/bus/inc/init.php on line 173
[17-Feb-2017 16:18:34 Europe/Istanbul] PHP Warning:  Invalid argument supplied for foreach() in /home/ahsaphobby.net/httpdocs/bus/inc/header.php on line 143
[22-Feb-2017 11:08:03 Europe/Istanbul] PHP Notice:  Undefined variable: temp_hat in /home/ahsaphobby.net/httpdocs/bus/common/class/Otobus_Sefer_Depo.php on line 273
[22-Feb-2017 11:08:03 Europe/Istanbul] PHP Notice:  Undefined index: hat in /home/ahsaphobby.net/httpdocs/bus/common/class/Hat.php on line 107
[09-Mar-2017 12:59:43 Europe/Istanbul] PHP Notice:  Undefined index: n_koordinat in /home/ahsaphobby.net/httpdocs/bus/otobus_hat_guzergah.php on line 50
[09-Mar-2017 12:59:43 Europe/Istanbul] PHP Notice:  Undefined index: e_koordinat in /home/ahsaphobby.net/httpdocs/bus/otobus_hat_guzergah.php on line 50
